[0.000000] (-) TimerEvent: {}
[0.000320] (adaptor_pkg) JobQueued: {'identifier': 'adaptor_pkg', 'dependencies': OrderedDict()}
[0.000814] (adaptor_pkg) JobStarted: {'identifier': 'adaptor_pkg'}
[0.099660] (-) TimerEvent: {}
[0.199856] (-) TimerEvent: {}
[0.300107] (-) TimerEvent: {}
[0.400348] (-) TimerEvent: {}
[0.500637] (-) TimerEvent: {}
[0.510743] (adaptor_pkg) Command: {'cmd': ['/usr/bin/python3', '-W', 'ignore:setup.py install is deprecated', '-W', 'ignore:easy_install command is deprecated', 'setup.py', 'egg_info', '--egg-base', '../build/adaptor_pkg', 'build', '--build-base', '/rosadapter/build/adaptor_pkg/build', 'install', '--record', '/rosadapter/build/adaptor_pkg/install.log', '--single-version-externally-managed', 'install_data'], 'cwd': '/rosadapter/adaptor_pkg', 'env': {'HOME': '/root', 'ROS_DISTRO': 'jazzy', 'PATH': '/usr/local/sbin:/usr/local/bin:/usr/sbin:/usr/bin:/sbin:/bin', 'LANG': 'C.UTF-8', 'LC_ALL': 'C.UTF-8', 'PWD': '/rosadapter/build/adaptor_pkg', 'COLCON': '1', 'PYTHONPATH': '/rosadapter/build/adaptor_pkg/prefix_override:/usr/lib/python3/dist-packages/colcon_core/task/python/colcon_distutils_commands:/rosadapter/install/adaptor_pkg/lib/python3.12/site-packages:'}, 'shell': False}
[0.600798] (-) TimerEvent: {}
[0.664407] (adaptor_pkg) StdoutLine: {'line': b'running egg_info\n'}
[0.670955] (adaptor_pkg) StdoutLine: {'line': b'writing ../build/adaptor_pkg/adaptor_pkg.egg-info/PKG-INFO\n'}
[0.671251] (adaptor_pkg) StdoutLine: {'line': b'writing dependency_links to ../build/adaptor_pkg/adaptor_pkg.egg-info/dependency_links.txt\n'}
[0.671502] (adaptor_pkg) StdoutLine: {'line': b'writing entry points to ../build/adaptor_pkg/adaptor_pkg.egg-info/entry_points.txt\n'}
[0.671766] (adaptor_pkg) StdoutLine: {'line': b'writing requirements to ../build/adaptor_pkg/adaptor_pkg.egg-info/requires.txt\n'}
[0.671978] (adaptor_pkg) StdoutLine: {'line': b'writing top-level names to ../build/adaptor_pkg/adaptor_pkg.egg-info/top_level.txt\n'}
[0.684853] (adaptor_pkg) StdoutLine: {'line': b"reading manifest file '../build/adaptor_pkg/adaptor_pkg.egg-info/SOURCES.txt'\n"}
[0.685171] (adaptor_pkg) StdoutLine: {'line': b"adding license file 'LICENSE'\n"}
[0.685540] (adaptor_pkg) StdoutLine: {'line': b"writing manifest file '../build/adaptor_pkg/adaptor_pkg.egg-info/SOURCES.txt'\n"}
[0.685804] (adaptor_pkg) StdoutLine: {'line': b'running build\n'}
[0.685875] (adaptor_pkg) StdoutLine: {'line': b'running build_py\n'}
[0.686215] (adaptor_pkg) StdoutLine: {'line': b'running install\n'}
[0.691641] (adaptor_pkg) StdoutLine: {'line': b'running install_lib\n'}
[0.698799] (adaptor_pkg) StdoutLine: {'line': b'running install_data\n'}
[0.699067] (adaptor_pkg) StdoutLine: {'line': b'running install_egg_info\n'}
[0.700878] (-) TimerEvent: {}
[0.706969] (adaptor_pkg) StdoutLine: {'line': b"removing '/rosadapter/install/adaptor_pkg/lib/python3.12/site-packages/adaptor_pkg-0.0.0-py3.12.egg-info' (and everything under it)\n"}
[0.709971] (adaptor_pkg) StdoutLine: {'line': b'Copying ../build/adaptor_pkg/adaptor_pkg.egg-info to /rosadapter/install/adaptor_pkg/lib/python3.12/site-packages/adaptor_pkg-0.0.0-py3.12.egg-info\n'}
[0.712024] (adaptor_pkg) StdoutLine: {'line': b'running install_scripts\n'}
[0.772427] (adaptor_pkg) StdoutLine: {'line': b'Installing adaptor script to /rosadapter/install/adaptor_pkg/lib/adaptor_pkg\n'}
[0.773381] (adaptor_pkg) StdoutLine: {'line': b"writing list of installed files to '/rosadapter/build/adaptor_pkg/install.log'\n"}
[0.801060] (-) TimerEvent: {}
[0.801842] (adaptor_pkg) CommandEnded: {'returncode': 0}
[0.813200] (adaptor_pkg) JobEnded: {'identifier': 'adaptor_pkg', 'rc': 0}
[0.814061] (-) EventReactorShutdown: {}
