running egg_info
writing ../build/adaptor_pkg/adaptor_pkg.egg-info/PKG-INFO
writing dependency_links to ../build/adaptor_pkg/adaptor_pkg.egg-info/dependency_links.txt
writing entry points to ../build/adaptor_pkg/adaptor_pkg.egg-info/entry_points.txt
writing requirements to ../build/adaptor_pkg/adaptor_pkg.egg-info/requires.txt
writing top-level names to ../build/adaptor_pkg/adaptor_pkg.egg-info/top_level.txt
reading manifest file '../build/adaptor_pkg/adaptor_pkg.egg-info/SOURCES.txt'
adding license file 'LICENSE'
writing manifest file '../build/adaptor_pkg/adaptor_pkg.egg-info/SOURCES.txt'
running build
running build_py
running install
running install_lib
running install_data
running install_egg_info
removing '/rosadapter/install/adaptor_pkg/lib/python3.12/site-packages/adaptor_pkg-0.0.0-py3.12.egg-info' (and everything under it)
Copying ../build/adaptor_pkg/adaptor_pkg.egg-info to /rosadapter/install/adaptor_pkg/lib/python3.12/site-packages/adaptor_pkg-0.0.0-py3.12.egg-info
running install_scripts
Installing adaptor script to /rosadapter/install/adaptor_pkg/lib/adaptor_pkg
writing list of installed files to '/rosadapter/build/adaptor_pkg/install.log'
