[0.511s] Invoking command in '/rosadapter/adaptor_pkg': PYTHONPATH=/rosadapter/build/adaptor_pkg/prefix_override:/usr/lib/python3/dist-packages/colcon_core/task/python/colcon_distutils_commands:/rosadapter/install/adaptor_pkg/lib/python3.12/site-packages: /usr/bin/python3 -W ignore:setup.py install is deprecated -W ignore:easy_install command is deprecated setup.py egg_info --egg-base ../build/adaptor_pkg build --build-base /rosadapter/build/adaptor_pkg/build install --record /rosadapter/build/adaptor_pkg/install.log --single-version-externally-managed install_data
[0.664s] running egg_info
[0.670s] writing ../build/adaptor_pkg/adaptor_pkg.egg-info/PKG-INFO
[0.670s] writing dependency_links to ../build/adaptor_pkg/adaptor_pkg.egg-info/dependency_links.txt
[0.671s] writing entry points to ../build/adaptor_pkg/adaptor_pkg.egg-info/entry_points.txt
[0.671s] writing requirements to ../build/adaptor_pkg/adaptor_pkg.egg-info/requires.txt
[0.671s] writing top-level names to ../build/adaptor_pkg/adaptor_pkg.egg-info/top_level.txt
[0.684s] reading manifest file '../build/adaptor_pkg/adaptor_pkg.egg-info/SOURCES.txt'
[0.684s] adding license file 'LICENSE'
[0.685s] writing manifest file '../build/adaptor_pkg/adaptor_pkg.egg-info/SOURCES.txt'
[0.685s] running build
[0.685s] running build_py
[0.685s] running install
[0.691s] running install_lib
[0.698s] running install_data
[0.698s] running install_egg_info
[0.706s] removing '/rosadapter/install/adaptor_pkg/lib/python3.12/site-packages/adaptor_pkg-0.0.0-py3.12.egg-info' (and everything under it)
[0.709s] Copying ../build/adaptor_pkg/adaptor_pkg.egg-info to /rosadapter/install/adaptor_pkg/lib/python3.12/site-packages/adaptor_pkg-0.0.0-py3.12.egg-info
[0.711s] running install_scripts
[0.772s] Installing adaptor script to /rosadapter/install/adaptor_pkg/lib/adaptor_pkg
[0.773s] writing list of installed files to '/rosadapter/build/adaptor_pkg/install.log'
[0.801s] Invoked command in '/rosadapter/adaptor_pkg' returned '0': PYTHONPATH=/rosadapter/build/adaptor_pkg/prefix_override:/usr/lib/python3/dist-packages/colcon_core/task/python/colcon_distutils_commands:/rosadapter/install/adaptor_pkg/lib/python3.12/site-packages: /usr/bin/python3 -W ignore:setup.py install is deprecated -W ignore:easy_install command is deprecated setup.py egg_info --egg-base ../build/adaptor_pkg build --build-base /rosadapter/build/adaptor_pkg/build install --record /rosadapter/build/adaptor_pkg/install.log --single-version-externally-managed install_data
